<?xml version="1.0" encoding="UTF-8"?>
<!-- Generated by org.testng.reporters.JUnitReportReporter -->
<testsuite skipped="0" hostname="LHTU05CG7493QQ6" name="runners.Runner_elgs" tests="1" failures="0" timestamp="12 Dec 2019 07:20:16 GMT" time="23.253" errors="0">
  <testcase name="feature" time="23.253" classname="runners.Runner_elgs"/>
</testsuite> <!-- runners.Runner_elgs -->
